<?xml version="1.0" encoding="UTF-8"?>
<!-- Generated by org.testng.reporters.JUnitXMLReporter -->
<testsuite hostname="Parnika" ignored="1" name="OpenCart Tests" tests="2" failures="0" timestamp="2022-04-01T13:54:35 IST" time="19.777" errors="0">
  <testcase name="test_account_Registration" time="8.597" classname="testCases.TC_001_AccountRegistration"/>
  <testcase name="test_Login" time="4.047" classname="testCases.TC_002_Login"/>
  <testcase name="test_LoginDDT" time="0.0" classname="testCases.TC_003_LoginDDT">
    <ignored/>
  </testcase> <!-- test_LoginDDT -->
</testsuite> <!-- OpenCart Tests -->
